Starting a QCFractal server.

QCFractal server base folder: /theoryfs2/ds/glick/.qca/qcfractal

>>> Examining SSL Certificates...
Autogenerated SSL certificates, clients must use 'verify=False' when connecting.

>>> Checking the PostgreSQL connection...

>>> Initializing the QCFractal server...
Server: FractalServer(name='QCFractal Server' uri='https://localhost:7777/')

>>> Starting the QCFractal server...
Periodics are enabled.
Could not find configuration file path: /theoryfs2/ds/glick/.qca/qcfractal
Starting a QCFractal server.

QCFractal server base folder: /theoryfs2/ds/glick/.qca/qcfractal

>>> Examining SSL Certificates...
Autogenerated SSL certificates, clients must use 'verify=False' when connecting.

>>> Checking the PostgreSQL connection...

>>> Initializing the QCFractal server...
Server: FractalServer(name='QCFractal Server' uri='https://localhost:7777/')

>>> Starting the QCFractal server...
Periodics are enabled.
Starting a QCFractal server.

QCFractal server base folder: /theoryfs2/ds/glick/.qca/qcfractal

>>> Examining SSL Certificates...
Autogenerated SSL certificates, clients must use 'verify=False' when connecting.

>>> Checking the PostgreSQL connection...

Could not detect a PostgreSQL from configuration options, starting a PostgreSQL server.

Starting the database:
pg_ctl command: ['-l', '/theoryfs2/ds/glick/.qca/qcfractal/postgres/qcfractal_postgres.log', 'start']
waiting for server to start...... done
server started

PostgreSQL successfully started in a background process, current_status:

pg_ctl: server is running (PID: 6798)
/theoryfs2/ds/glick/miniconda3/envs/cle2/bin/postgres "-D" "/theoryfs2/ds/glick/.qca/qcfractal/postgres"


>>> Initializing the QCFractal server...
Server: FractalServer(name='QCFractal Server' uri='https://localhost:7777/')

>>> Starting the QCFractal server...
Periodics are enabled.
Starting a QCFractal server.

QCFractal server base folder: /theoryfs2/ds/glick/.qca/qcfractal

>>> Examining SSL Certificates...
Autogenerated SSL certificates, clients must use 'verify=False' when connecting.

>>> Checking the PostgreSQL connection...

>>> Initializing the QCFractal server...
Server: FractalServer(name='QCFractal Server' uri='https://localhost:7777/')

>>> Starting the QCFractal server...
Periodics are enabled.
Traceback (most recent call last):
  File "/theoryfs2/ds/glick/miniconda3/envs/cle2/bin/qcfractal-server", line 11, in <module>
    sys.exit(main())
  File "/theoryfs2/ds/glick/miniconda3/envs/cle2/lib/python3.7/site-packages/qcfractal/cli/qcfractal_server.py", line 608, in main
    server_start(args, config)
  File "/theoryfs2/ds/glick/miniconda3/envs/cle2/lib/python3.7/site-packages/qcfractal/cli/qcfractal_server.py", line 420, in server_start
    server.start(start_periodics=args["start_periodics"])
  File "/theoryfs2/ds/glick/miniconda3/envs/cle2/lib/python3.7/site-packages/qcfractal/server.py", line 413, in start
    self.loop.start()
  File "/theoryfs2/ds/glick/miniconda3/envs/cle2/lib/python3.7/site-packages/tornado/platform/asyncio.py", line 149, in start
    self.asyncio_loop.run_forever()
  File "/theoryfs2/ds/glick/miniconda3/envs/cle2/lib/python3.7/asyncio/base_events.py", line 541, in run_forever
    self._run_once()
  File "/theoryfs2/ds/glick/miniconda3/envs/cle2/lib/python3.7/asyncio/base_events.py", line 1786, in _run_once
    handle._run()
  File "/theoryfs2/ds/glick/miniconda3/envs/cle2/lib/python3.7/asyncio/events.py", line 88, in _run
    self._context.run(self._callback, *self._args)
  File "/theoryfs2/ds/glick/miniconda3/envs/cle2/lib/python3.7/site-packages/qcfractal/cli/cli_utils.py", line 94, in cleanup_and_stop
    cleanup()
  File "/theoryfs2/ds/glick/miniconda3/envs/cle2/lib/python3.7/site-packages/qcfractal/server.py", line 442, in stop
    self.executor.shutdown()
  File "/theoryfs2/ds/glick/miniconda3/envs/cle2/lib/python3.7/concurrent/futures/thread.py", line 216, in shutdown
    t.join()
  File "/theoryfs2/ds/glick/miniconda3/envs/cle2/lib/python3.7/threading.py", line 1044, in join
    self._wait_for_tstate_lock()
  File "/theoryfs2/ds/glick/miniconda3/envs/cle2/lib/python3.7/threading.py", line 1060, in _wait_for_tstate_lock
    elif lock.acquire(block, timeout):
KeyboardInterrupt
Error in atexit._run_exitfuncs:
Traceback (most recent call last):
  File "/theoryfs2/ds/glick/miniconda3/envs/cle2/lib/python3.7/concurrent/futures/thread.py", line 40, in _python_exit
    t.join()
  File "/theoryfs2/ds/glick/miniconda3/envs/cle2/lib/python3.7/threading.py", line 1044, in join
    self._wait_for_tstate_lock()
  File "/theoryfs2/ds/glick/miniconda3/envs/cle2/lib/python3.7/threading.py", line 1060, in _wait_for_tstate_lock
    elif lock.acquire(block, timeout):
KeyboardInterrupt
Starting a QCFractal server.

QCFractal server base folder: /theoryfs2/ds/glick/.qca/qcfractal

>>> Examining SSL Certificates...
Autogenerated SSL certificates, clients must use 'verify=False' when connecting.

>>> Checking the PostgreSQL connection...

>>> Initializing the QCFractal server...
Server: FractalServer(name='QCFractal Server' uri='https://localhost:7777/')

>>> Starting the QCFractal server...
Periodics are enabled.
